c:\users\thijs\documents\school\project\air handeling unit\code\airhandlingunit\controls\controls\debug\vc141.pdb
c:\users\thijs\documents\school\project\air handeling unit\code\airhandlingunit\controls\controls\debug\vc141.idb
c:\users\thijs\documents\school\project\air handeling unit\code\airhandlingunit\controls\controls\debug\manual.obj
c:\users\thijs\documents\school\project\air handeling unit\code\airhandlingunit\controls\controls\debug\automatic.obj
c:\users\thijs\documents\school\project\air handeling unit\code\airhandlingunit\controls\controls\debug\main.obj
c:\users\thijs\documents\school\project\air handeling unit\code\airhandlingunit\controls\debug\controls.pdb
c:\users\thijs\documents\school\project\air handeling unit\code\airhandlingunit\controls\controls\debug\controls.tlog\cl.command.1.tlog
c:\users\thijs\documents\school\project\air handeling unit\code\airhandlingunit\controls\controls\debug\controls.tlog\cl.read.1.tlog
c:\users\thijs\documents\school\project\air handeling unit\code\airhandlingunit\controls\controls\debug\controls.tlog\cl.write.1.tlog
c:\users\thijs\documents\school\project\air handeling unit\code\airhandlingunit\controls\controls\debug\controls.tlog\link-cvtres.read.1.tlog
c:\users\thijs\documents\school\project\air handeling unit\code\airhandlingunit\controls\controls\debug\controls.tlog\link-cvtres.write.1.tlog
c:\users\thijs\documents\school\project\air handeling unit\code\airhandlingunit\controls\controls\debug\controls.tlog\link-rc.read.1.tlog
c:\users\thijs\documents\school\project\air handeling unit\code\airhandlingunit\controls\controls\debug\controls.tlog\link-rc.write.1.tlog
c:\users\thijs\documents\school\project\air handeling unit\code\airhandlingunit\controls\controls\debug\controls.tlog\link.11624-cvtres.read.1.tlog
c:\users\thijs\documents\school\project\air handeling unit\code\airhandlingunit\controls\controls\debug\controls.tlog\link.11624-cvtres.write.1.tlog
c:\users\thijs\documents\school\project\air handeling unit\code\airhandlingunit\controls\controls\debug\controls.tlog\link.11624-rc.read.1.tlog
c:\users\thijs\documents\school\project\air handeling unit\code\airhandlingunit\controls\controls\debug\controls.tlog\link.11624-rc.write.1.tlog
c:\users\thijs\documents\school\project\air handeling unit\code\airhandlingunit\controls\controls\debug\controls.tlog\link.11624.read.1.tlog
c:\users\thijs\documents\school\project\air handeling unit\code\airhandlingunit\controls\controls\debug\controls.tlog\link.11624.write.1.tlog
c:\users\thijs\documents\school\project\air handeling unit\code\airhandlingunit\controls\controls\debug\controls.tlog\link.command.1.tlog
c:\users\thijs\documents\school\project\air handeling unit\code\airhandlingunit\controls\controls\debug\controls.tlog\link.read.1.tlog
c:\users\thijs\documents\school\project\air handeling unit\code\airhandlingunit\controls\controls\debug\controls.tlog\link.write.1.tlog
