c:\users\thijs\documents\school\project\air handeling unit\code\airhandlingunit\theunit\theunit\debug\theunit.pdb
c:\users\thijs\documents\school\project\air handeling unit\code\airhandlingunit\theunit\theunit\debug\theunit.idb
c:\users\thijs\documents\school\project\air handeling unit\code\airhandlingunit\theunit\theunit\debug\co2.obj
c:\users\thijs\documents\school\project\air handeling unit\code\airhandlingunit\theunit\theunit\debug\controllerbuilder.obj
c:\users\thijs\documents\school\project\air handeling unit\code\airhandlingunit\theunit\theunit\debug\coolingelement.obj
c:\users\thijs\documents\school\project\air handeling unit\code\airhandlingunit\theunit\theunit\debug\fan.obj
c:\users\thijs\documents\school\project\air handeling unit\code\airhandlingunit\theunit\theunit\debug\flaps.obj
c:\users\thijs\documents\school\project\air handeling unit\code\airhandlingunit\theunit\theunit\debug\heatingelement.obj
c:\users\thijs\documents\school\project\air handeling unit\code\airhandlingunit\theunit\theunit\debug\humidity.obj
c:\users\thijs\documents\school\project\air handeling unit\code\airhandlingunit\theunit\theunit\debug\iactuator.obj
c:\users\thijs\documents\school\project\air handeling unit\code\airhandlingunit\theunit\theunit\debug\isensor.obj
c:\users\thijs\documents\school\project\air handeling unit\code\airhandlingunit\theunit\theunit\debug\temperature.obj
c:\users\thijs\documents\school\project\air handeling unit\code\airhandlingunit\theunit\theunit\debug\controller.obj
c:\users\thijs\documents\school\project\air handeling unit\code\airhandlingunit\theunit\debug\theunit.lib
c:\users\thijs\documents\school\project\air handeling unit\code\airhandlingunit\theunit\debug\theunit.pdb
c:\users\thijs\documents\school\project\air handeling unit\code\airhandlingunit\theunit\theunit\debug\theunit.tlog\cl.command.1.tlog
c:\users\thijs\documents\school\project\air handeling unit\code\airhandlingunit\theunit\theunit\debug\theunit.tlog\cl.read.1.tlog
c:\users\thijs\documents\school\project\air handeling unit\code\airhandlingunit\theunit\theunit\debug\theunit.tlog\cl.write.1.tlog
c:\users\thijs\documents\school\project\air handeling unit\code\airhandlingunit\theunit\theunit\debug\theunit.tlog\lib-link.read.1.tlog
c:\users\thijs\documents\school\project\air handeling unit\code\airhandlingunit\theunit\theunit\debug\theunit.tlog\lib-link.write.1.tlog
c:\users\thijs\documents\school\project\air handeling unit\code\airhandlingunit\theunit\theunit\debug\theunit.tlog\lib.command.1.tlog
